<?xml version="1.0" encoding="UTF-8"?>
<testsuite name="lab1.fcgi.tools.CalcResultsArrayTest" tests="1" skipped="0" failures="0" errors="0" timestamp="2025-09-25T17:04:34.430Z" hostname="GIGACHAD-228" time="0.106">
  <properties/>
  <testcase name="TestCalcResultsArray()" classname="lab1.fcgi.tools.CalcResultsArrayTest" time="0.106"/>
  <system-out><![CDATA[{"results":[{"x":1.0,"y":1.0,"r":1.0,"result":true,"time":"time","currentTime":"time"},{"x":1.0,"y":1.0,"r":1.0,"result":true,"time":"time","currentTime":"time"}]}
]]></system-out>
  <system-err><![CDATA[]]></system-err>
</testsuite>
